{"D:\\Placement\\Intership\\REAT API\\Counter.js": {"path":"D:\\Placement\\Intership\\REAT API\\Counter.js","statementMap":{"0":{"start":{"line":1,"column":17},"end":{"line":1,"column":36}},"1":{"start":{"line":4,"column":22},"end":{"line":7,"column":2}},"2":{"start":{"line":9,"column":16},"end":{"line":9,"column":56}},"3":{"start":{"line":11,"column":0},"end":{"line":11,"column":25}}},"fnMap":{},"branchMap":{},"s":{"0":1,"1":1,"2":1,"3":1},"f":{},"b":{},"_coverageSchema":"1a1c01bbd47fc00a2c39e90264f33305004495a9","hash":"33530f45ff093363957689c6c8980aac551dd5c4"}
,"D:\\Placement\\Intership\\REAT API\\Product.js": {"path":"D:\\Placement\\Intership\\REAT API\\Product.js","statementMap":{"0":{"start":{"line":1,"column":17},"end":{"line":1,"column":36}},"1":{"start":{"line":2,"column":20},"end":{"line":2,"column":40}},"2":{"start":{"line":4,"column":22},"end":{"line":9,"column":2}},"3":{"start":{"line":12,"column":0},"end":{"line":25,"column":3}},"4":{"start":{"line":13,"column":4},"end":{"line":24,"column":5}},"5":{"start":{"line":14,"column":20},"end":{"line":14,"column":24}},"6":{"start":{"line":15,"column":24},"end":{"line":19,"column":9}},"7":{"start":{"line":20,"column":8},"end":{"line":20,"column":40}},"8":{"start":{"line":21,"column":8},"end":{"line":21,"column":15}},"9":{"start":{"line":23,"column":8},"end":{"line":23,"column":20}},"10":{"start":{"line":27,"column":16},"end":{"line":27,"column":56}},"11":{"start":{"line":29,"column":0},"end":{"line":29,"column":25}}},"fnMap":{"0":{"name":"(anonymous_0)","decl":{"start":{"line":12,"column":26},"end":{"line":12,"column":27}},"loc":{"start":{"line":12,"column":48},"end":{"line":25,"column":1}},"line":12}},"branchMap":{},"s":{"0":1,"1":1,"2":1,"3":1,"4":1,"5":1,"6":1,"7":0,"8":0,"9":1,"10":1,"11":1},"f":{"0":1},"b":{},"_coverageSchema":"1a1c01bbd47fc00a2c39e90264f33305004495a9","hash":"ee4a99658a639e802ad9e997f9041a3860077d08"}
,"D:\\Placement\\Intership\\REAT API\\app.js": {"path":"D:\\Placement\\Intership\\REAT API\\app.js","statementMap":{"0":{"start":{"line":1,"column":16},"end":{"line":1,"column":34}},"1":{"start":{"line":2,"column":17},"end":{"line":2,"column":36}},"2":{"start":{"line":3,"column":19},"end":{"line":3,"column":41}},"3":{"start":{"line":4,"column":12},"end":{"line":4,"column":21}},"4":{"start":{"line":5,"column":16},"end":{"line":5,"column":36}},"5":{"start":{"line":6,"column":16},"end":{"line":6,"column":36}},"6":{"start":{"line":9,"column":0},"end":{"line":15,"column":5}},"7":{"start":{"line":11,"column":4},"end":{"line":11,"column":49}},"8":{"start":{"line":14,"column":4},"end":{"line":14,"column":19}},"9":{"start":{"line":19,"column":19},"end":{"line":26,"column":1}},"10":{"start":{"line":20,"column":22},"end":{"line":20,"column":46}},"11":{"start":{"line":21,"column":19},"end":{"line":21,"column":29}},"12":{"start":{"line":22,"column":16},"end":{"line":22,"column":31}},"13":{"start":{"line":24,"column":4},"end":{"line":24,"column":62}},"14":{"start":{"line":25,"column":4},"end":{"line":25,"column":11}},"15":{"start":{"line":29,"column":0},"end":{"line":29,"column":20}},"16":{"start":{"line":31,"column":0},"end":{"line":31,"column":52}},"17":{"start":{"line":32,"column":0},"end":{"line":32,"column":24}},"18":{"start":{"line":34,"column":15},"end":{"line":34,"column":17}},"19":{"start":{"line":35,"column":16},"end":{"line":35,"column":17}},"20":{"start":{"line":38,"column":0},"end":{"line":71,"column":3}},"21":{"start":{"line":39,"column":4},"end":{"line":70,"column":5}},"22":{"start":{"line":41,"column":8},"end":{"line":43,"column":9}},"23":{"start":{"line":42,"column":12},"end":{"line":42,"column":60}},"24":{"start":{"line":46,"column":8},"end":{"line":48,"column":9}},"25":{"start":{"line":47,"column":12},"end":{"line":47,"column":54}},"26":{"start":{"line":51,"column":8},"end":{"line":53,"column":9}},"27":{"start":{"line":52,"column":12},"end":{"line":52,"column":55}},"28":{"start":{"line":55,"column":24},"end":{"line":55,"column":54}},"29":{"start":{"line":58,"column":8},"end":{"line":58,"column":31}},"30":{"start":{"line":60,"column":8},"end":{"line":63,"column":11}},"31":{"start":{"line":66,"column":8},"end":{"line":69,"column":11}},"32":{"start":{"line":75,"column":0},"end":{"line":93,"column":3}},"33":{"start":{"line":76,"column":4},"end":{"line":92,"column":5}},"34":{"start":{"line":78,"column":31},"end":{"line":78,"column":51}},"35":{"start":{"line":81,"column":8},"end":{"line":81,"column":39}},"36":{"start":{"line":83,"column":8},"end":{"line":86,"column":11}},"37":{"start":{"line":88,"column":8},"end":{"line":91,"column":11}},"38":{"start":{"line":96,"column":0},"end":{"line":118,"column":3}},"39":{"start":{"line":97,"column":4},"end":{"line":117,"column":5}},"40":{"start":{"line":98,"column":26},"end":{"line":98,"column":39}},"41":{"start":{"line":99,"column":24},"end":{"line":99,"column":64}},"42":{"start":{"line":101,"column":8},"end":{"line":106,"column":9}},"43":{"start":{"line":102,"column":12},"end":{"line":105,"column":15}},"44":{"start":{"line":108,"column":8},"end":{"line":111,"column":11}},"45":{"start":{"line":113,"column":8},"end":{"line":116,"column":11}},"46":{"start":{"line":123,"column":0},"end":{"line":148,"column":3}},"47":{"start":{"line":124,"column":4},"end":{"line":147,"column":5}},"48":{"start":{"line":125,"column":26},"end":{"line":125,"column":49}},"49":{"start":{"line":126,"column":31},"end":{"line":126,"column":39}},"50":{"start":{"line":129,"column":22},"end":{"line":129,"column":77}},"51":{"start":{"line":129,"column":52},"end":{"line":129,"column":76}},"52":{"start":{"line":130,"column":8},"end":{"line":141,"column":9}},"53":{"start":{"line":131,"column":12},"end":{"line":131,"column":67}},"54":{"start":{"line":132,"column":12},"end":{"line":135,"column":15}},"55":{"start":{"line":137,"column":12},"end":{"line":140,"column":15}},"56":{"start":{"line":143,"column":8},"end":{"line":146,"column":11}},"57":{"start":{"line":151,"column":0},"end":{"line":176,"column":3}},"58":{"start":{"line":152,"column":4},"end":{"line":175,"column":5}},"59":{"start":{"line":153,"column":26},"end":{"line":153,"column":49}},"60":{"start":{"line":154,"column":30},"end":{"line":154,"column":45}},"61":{"start":{"line":157,"column":8},"end":{"line":157,"column":72}},"62":{"start":{"line":157,"column":46},"end":{"line":157,"column":70}},"63":{"start":{"line":159,"column":8},"end":{"line":164,"column":9}},"64":{"start":{"line":160,"column":12},"end":{"line":163,"column":15}},"65":{"start":{"line":166,"column":8},"end":{"line":169,"column":11}},"66":{"start":{"line":171,"column":8},"end":{"line":174,"column":11}},"67":{"start":{"line":180,"column":0},"end":{"line":183,"column":3}},"68":{"start":{"line":181,"column":4},"end":{"line":181,"column":62}},"69":{"start":{"line":182,"column":4},"end":{"line":182,"column":43}},"70":{"start":{"line":185,"column":0},"end":{"line":185,"column":21}}},"fnMap":{"0":{"name":"(anonymous_0)","decl":{"start":{"line":10,"column":8},"end":{"line":10,"column":9}},"loc":{"start":{"line":10,"column":14},"end":{"line":12,"column":3}},"line":10},"1":{"name":"(anonymous_1)","decl":{"start":{"line":13,"column":9},"end":{"line":13,"column":10}},"loc":{"start":{"line":13,"column":16},"end":{"line":15,"column":3}},"line":13},"2":{"name":"(anonymous_2)","decl":{"start":{"line":19,"column":19},"end":{"line":19,"column":20}},"loc":{"start":{"line":19,"column":39},"end":{"line":26,"column":1}},"line":19},"3":{"name":"(anonymous_3)","decl":{"start":{"line":38,"column":26},"end":{"line":38,"column":27}},"loc":{"start":{"line":38,"column":46},"end":{"line":71,"column":1}},"line":38},"4":{"name":"(anonymous_4)","decl":{"start":{"line":75,"column":25},"end":{"line":75,"column":26}},"loc":{"start":{"line":75,"column":41},"end":{"line":93,"column":1}},"line":75},"5":{"name":"(anonymous_5)","decl":{"start":{"line":96,"column":29},"end":{"line":96,"column":30}},"loc":{"start":{"line":96,"column":49},"end":{"line":118,"column":1}},"line":96},"6":{"name":"(anonymous_6)","decl":{"start":{"line":123,"column":29},"end":{"line":123,"column":30}},"loc":{"start":{"line":123,"column":49},"end":{"line":148,"column":1}},"line":123},"7":{"name":"(anonymous_7)","decl":{"start":{"line":129,"column":41},"end":{"line":129,"column":42}},"loc":{"start":{"line":129,"column":52},"end":{"line":129,"column":76}},"line":129},"8":{"name":"(anonymous_8)","decl":{"start":{"line":151,"column":32},"end":{"line":151,"column":33}},"loc":{"start":{"line":151,"column":52},"end":{"line":176,"column":1}},"line":151},"9":{"name":"(anonymous_9)","decl":{"start":{"line":157,"column":35},"end":{"line":157,"column":36}},"loc":{"start":{"line":157,"column":46},"end":{"line":157,"column":70}},"line":157},"10":{"name":"(anonymous_10)","decl":{"start":{"line":180,"column":17},"end":{"line":180,"column":18}},"loc":{"start":{"line":180,"column":23},"end":{"line":183,"column":1}},"line":180}},"branchMap":{"0":{"loc":{"start":{"line":41,"column":8},"end":{"line":43,"column":9}},"type":"if","locations":[{"start":{"line":41,"column":8},"end":{"line":43,"column":9}},{"start":{},"end":{}}],"line":41},"1":{"loc":{"start":{"line":46,"column":8},"end":{"line":48,"column":9}},"type":"if","locations":[{"start":{"line":46,"column":8},"end":{"line":48,"column":9}},{"start":{},"end":{}}],"line":46},"2":{"loc":{"start":{"line":51,"column":8},"end":{"line":53,"column":9}},"type":"if","locations":[{"start":{"line":51,"column":8},"end":{"line":53,"column":9}},{"start":{},"end":{}}],"line":51},"3":{"loc":{"start":{"line":101,"column":8},"end":{"line":106,"column":9}},"type":"if","locations":[{"start":{"line":101,"column":8},"end":{"line":106,"column":9}},{"start":{},"end":{}}],"line":101},"4":{"loc":{"start":{"line":130,"column":8},"end":{"line":141,"column":9}},"type":"if","locations":[{"start":{"line":130,"column":8},"end":{"line":141,"column":9}},{"start":{"line":136,"column":15},"end":{"line":141,"column":9}}],"line":130},"5":{"loc":{"start":{"line":159,"column":8},"end":{"line":164,"column":9}},"type":"if","locations":[{"start":{"line":159,"column":8},"end":{"line":164,"column":9}},{"start":{},"end":{}}],"line":159}},"s":{"0":1,"1":1,"2":1,"3":1,"4":1,"5":1,"6":1,"7":1,"8":0,"9":1,"10":10,"11":10,"12":10,"13":10,"14":10,"15":1,"16":1,"17":1,"18":1,"19":1,"20":1,"21":4,"22":4,"23":1,"24":3,"25":1,"26":2,"27":1,"28":1,"29":0,"30":0,"31":4,"32":1,"33":0,"34":0,"35":0,"36":0,"37":0,"38":1,"39":3,"40":3,"41":3,"42":2,"43":1,"44":1,"45":1,"46":1,"47":2,"48":2,"49":2,"50":2,"51":0,"52":2,"53":0,"54":0,"55":2,"56":0,"57":1,"58":1,"59":1,"60":1,"61":1,"62":0,"63":1,"64":1,"65":0,"66":0,"67":1,"68":1,"69":1,"70":1},"f":{"0":1,"1":0,"2":10,"3":4,"4":0,"5":3,"6":2,"7":0,"8":1,"9":0,"10":1},"b":{"0":[1,3],"1":[1,2],"2":[1,1],"3":[1,1],"4":[0,2],"5":[1,0]},"_coverageSchema":"1a1c01bbd47fc00a2c39e90264f33305004495a9","hash":"0ca2ce35a944cdd1f937c86ce9f3bf92eb7bbfe4"}
}
