TN:
SF:Counter.js
FNF:0
FNH:0
DA:1,1
DA:4,1
DA:9,1
DA:11,1
LF:4
LH:4
BRF:0
BRH:0
end_of_record
TN:
SF:Product.js
FN:12,(anonymous_0)
FNF:1
FNH:1
FNDA:1,(anonymous_0)
DA:1,1
DA:2,1
DA:4,1
DA:12,1
DA:13,1
DA:14,1
DA:15,1
DA:20,0
DA:21,0
DA:23,1
DA:27,1
DA:29,1
LF:12
LH:10
BRF:0
BRH:0
end_of_record
TN:
SF:app.js
FN:10,(anonymous_0)
FN:13,(anonymous_1)
FN:19,(anonymous_2)
FN:38,(anonymous_3)
FN:75,(anonymous_4)
FN:96,(anonymous_5)
FN:123,(anonymous_6)
FN:129,(anonymous_7)
FN:151,(anonymous_8)
FN:157,(anonymous_9)
FN:180,(anonymous_10)
FNF:11
FNH:7
FNDA:1,(anonymous_0)
FNDA:0,(anonymous_1)
FNDA:10,(anonymous_2)
FNDA:4,(anonymous_3)
FNDA:0,(anonymous_4)
FNDA:3,(anonymous_5)
FNDA:2,(anonymous_6)
FNDA:0,(anonymous_7)
FNDA:1,(anonymous_8)
FNDA:0,(anonymous_9)
FNDA:1,(anonymous_10)
DA:1,1
DA:2,1
DA:3,1
DA:4,1
DA:5,1
DA:6,1
DA:9,1
DA:11,1
DA:14,0
DA:19,1
DA:20,10
DA:21,10
DA:22,10
DA:24,10
DA:25,10
DA:29,1
DA:31,1
DA:32,1
DA:34,1
DA:35,1
DA:38,1
DA:39,4
DA:41,4
DA:42,1
DA:46,3
DA:47,1
DA:51,2
DA:52,1
DA:55,1
DA:58,0
DA:60,0
DA:66,4
DA:75,1
DA:76,0
DA:78,0
DA:81,0
DA:83,0
DA:88,0
DA:96,1
DA:97,3
DA:98,3
DA:99,3
DA:101,2
DA:102,1
DA:108,1
DA:113,1
DA:123,1
DA:124,2
DA:125,2
DA:126,2
DA:129,2
DA:130,2
DA:131,0
DA:132,0
DA:137,2
DA:143,0
DA:151,1
DA:152,1
DA:153,1
DA:154,1
DA:157,1
DA:159,1
DA:160,1
DA:166,0
DA:171,0
DA:180,1
DA:181,1
DA:182,1
DA:185,1
LF:69
LH:56
BRDA:41,0,0,1
BRDA:41,0,1,3
BRDA:46,1,0,1
BRDA:46,1,1,2
BRDA:51,2,0,1
BRDA:51,2,1,1
BRDA:101,3,0,1
BRDA:101,3,1,1
BRDA:130,4,0,0
BRDA:130,4,1,2
BRDA:159,5,0,1
BRDA:159,5,1,0
BRF:12
BRH:10
end_of_record
